[0.776s] DEBUG:colcon:Command line arguments: ['/usr/bin/colcon', 'build', '--packages-select', 'test_publisher']
[0.777s] DEBUG:colcon:Parsed command line arguments: Namespace(log_base=None, log_level=None, verb_name='build', build_base='build', install_base='install', merge_install=False, symlink_install=False, test_result_base=None, continue_on_error=False, executor='parallel', parallel_workers=4, event_handlers=None, ignore_user_meta=False, metas=['./colcon.meta'], base_paths=['.'], packages_ignore=None, packages_ignore_regex=None, paths=None, packages_up_to=None, packages_up_to_regex=None, packages_above=None, packages_above_and_dependencies=None, packages_above_depth=None, packages_select_by_dep=None, packages_skip_by_dep=None, packages_skip_up_to=None, packages_select_build_failed=False, packages_skip_build_finished=False, packages_select_test_failures=False, packages_skip_test_passed=False, packages_select=['test_publisher'], packages_skip=None, packages_select_regex=None, packages_skip_regex=None, packages_start=None, packages_end=None, allow_overriding=[], cmake_args=None, cmake_target=None, cmake_target_skip_unavailable=False, cmake_clean_cache=False, cmake_clean_first=False, cmake_force_configure=False, ament_cmake_args=None, catkin_cmake_args=None, catkin_skip_building_tests=False, mixin_files=None, mixin=None, verb_parser=<colcon_mixin.mixin.mixin_argument.MixinArgumentDecorator object at 0x77b5886bd070>, verb_extension=<colcon_core.verb.build.BuildVerb object at 0x77b5887e1070>, main=<bound method BuildVerb.main of <colcon_core.verb.build.BuildVerb object at 0x77b5887e1070>>, mixin_verb=('build',))
[1.028s] Level 1:colcon.colcon_core.package_discovery:discover_packages(colcon_meta) check parameters
[1.029s] Level 1:colcon.colcon_core.package_discovery:discover_packages(recursive) check parameters
[1.030s] Level 1:colcon.colcon_core.package_discovery:discover_packages(ignore) check parameters
[1.030s] Level 1:colcon.colcon_core.package_discovery:discover_packages(path) check parameters
[1.030s] Level 1:colcon.colcon_core.package_discovery:discover_packages(colcon_meta) discover
[1.031s] Level 1:colcon.colcon_core.package_discovery:discover_packages(recursive) discover
[1.031s] INFO:colcon.colcon_core.package_discovery:Crawling recursively for packages in '/home/monja/projects/python/robotics/challengeParc/ros2_ws/src'
[1.031s] Level 1:colcon.colcon_core.package_identification:_identify(.) by extensions ['ignore', 'ignore_ament_install']
[1.031s] Level 1:colcon.colcon_core.package_identification:_identify(.) by extension 'ignore'
[1.031s] Level 1:colcon.colcon_core.package_identification:_identify(.) by extension 'ignore_ament_install'
[1.032s] Level 1:colcon.colcon_core.package_identification:_identify(.) by extensions ['colcon_pkg']
[1.032s] Level 1:colcon.colcon_core.package_identification:_identify(.) by extension 'colcon_pkg'
[1.032s] Level 1:colcon.colcon_core.package_identification:_identify(.) by extensions ['colcon_meta']
[1.032s] Level 1:colcon.colcon_core.package_identification:_identify(.) by extension 'colcon_meta'
[1.033s] Level 1:colcon.colcon_core.package_identification:_identify(.) by extensions ['ros']
[1.033s] Level 1:colcon.colcon_core.package_identification:_identify(.) by extension 'ros'
[1.154s] Level 1:colcon.colcon_core.package_identification:_identify(.) by extensions ['cmake', 'python']
[1.154s] Level 1:colcon.colcon_core.package_identification:_identify(.) by extension 'cmake'
[1.155s] Level 1:colcon.colcon_core.package_identification:_identify(.) by extension 'python'
[1.155s] Level 1:colcon.colcon_core.package_identification:_identify(.) by extensions ['python_setup_py']
[1.156s] Level 1:colcon.colcon_core.package_identification:_identify(.) by extension 'python_setup_py'
[1.157s] Level 1:colcon.colcon_core.package_identification:_identify(build) by extensions ['ignore', 'ignore_ament_install']
[1.157s] Level 1:colcon.colcon_core.package_identification:_identify(build) by extension 'ignore'
[1.158s] Level 1:colcon.colcon_core.package_identification:_identify(build) ignored
[1.159s] Level 1:colcon.colcon_core.package_identification:_identify(docs) by extensions ['ignore', 'ignore_ament_install']
[1.160s] Level 1:colcon.colcon_core.package_identification:_identify(docs) by extension 'ignore'
[1.161s] Level 1:colcon.colcon_core.package_identification:_identify(docs) by extension 'ignore_ament_install'
[1.162s] Level 1:colcon.colcon_core.package_identification:_identify(docs) by extensions ['colcon_pkg']
[1.162s] Level 1:colcon.colcon_core.package_identification:_identify(docs) by extension 'colcon_pkg'
[1.163s] Level 1:colcon.colcon_core.package_identification:_identify(docs) by extensions ['colcon_meta']
[1.163s] Level 1:colcon.colcon_core.package_identification:_identify(docs) by extension 'colcon_meta'
[1.164s] Level 1:colcon.colcon_core.package_identification:_identify(docs) by extensions ['ros']
[1.164s] Level 1:colcon.colcon_core.package_identification:_identify(docs) by extension 'ros'
[1.165s] Level 1:colcon.colcon_core.package_identification:_identify(docs) by extensions ['cmake', 'python']
[1.165s] Level 1:colcon.colcon_core.package_identification:_identify(docs) by extension 'cmake'
[1.166s] Level 1:colcon.colcon_core.package_identification:_identify(docs) by extension 'python'
[1.166s] Level 1:colcon.colcon_core.package_identification:_identify(docs) by extensions ['python_setup_py']
[1.167s] Level 1:colcon.colcon_core.package_identification:_identify(docs) by extension 'python_setup_py'
[1.168s] Level 1:colcon.colcon_core.package_identification:_identify(docs/images) by extensions ['ignore', 'ignore_ament_install']
[1.168s] Level 1:colcon.colcon_core.package_identification:_identify(docs/images) by extension 'ignore'
[1.169s] Level 1:colcon.colcon_core.package_identification:_identify(docs/images) by extension 'ignore_ament_install'
[1.170s] Level 1:colcon.colcon_core.package_identification:_identify(docs/images) by extensions ['colcon_pkg']
[1.170s] Level 1:colcon.colcon_core.package_identification:_identify(docs/images) by extension 'colcon_pkg'
[1.171s] Level 1:colcon.colcon_core.package_identification:_identify(docs/images) by extensions ['colcon_meta']
[1.171s] Level 1:colcon.colcon_core.package_identification:_identify(docs/images) by extension 'colcon_meta'
[1.172s] Level 1:colcon.colcon_core.package_identification:_identify(docs/images) by extensions ['ros']
[1.172s] Level 1:colcon.colcon_core.package_identification:_identify(docs/images) by extension 'ros'
[1.173s] Level 1:colcon.colcon_core.package_identification:_identify(docs/images) by extensions ['cmake', 'python']
[1.173s] Level 1:colcon.colcon_core.package_identification:_identify(docs/images) by extension 'cmake'
[1.174s] Level 1:colcon.colcon_core.package_identification:_identify(docs/images) by extension 'python'
[1.174s] Level 1:colcon.colcon_core.package_identification:_identify(docs/images) by extensions ['python_setup_py']
[1.174s] Level 1:colcon.colcon_core.package_identification:_identify(docs/images) by extension 'python_setup_py'
[1.176s] Level 1:colcon.colcon_core.package_identification:_identify(install) by extensions ['ignore', 'ignore_ament_install']
[1.177s] Level 1:colcon.colcon_core.package_identification:_identify(install) by extension 'ignore'
[1.178s] Level 1:colcon.colcon_core.package_identification:_identify(install) ignored
[1.179s] Level 1:colcon.colcon_core.package_identification:_identify(log) by extensions ['ignore', 'ignore_ament_install']
[1.179s] Level 1:colcon.colcon_core.package_identification:_identify(log) by extension 'ignore'
[1.180s] Level 1:colcon.colcon_core.package_identification:_identify(log) ignored
[1.180s] Level 1:colcon.colcon_core.package_identification:_identify(parc_robot) by extensions ['ignore', 'ignore_ament_install']
[1.181s] Level 1:colcon.colcon_core.package_identification:_identify(parc_robot) by extension 'ignore'
[1.181s] Level 1:colcon.colcon_core.package_identification:_identify(parc_robot) by extension 'ignore_ament_install'
[1.182s] Level 1:colcon.colcon_core.package_identification:_identify(parc_robot) by extensions ['colcon_pkg']
[1.182s] Level 1:colcon.colcon_core.package_identification:_identify(parc_robot) by extension 'colcon_pkg'
[1.183s] Level 1:colcon.colcon_core.package_identification:_identify(parc_robot) by extensions ['colcon_meta']
[1.184s] Level 1:colcon.colcon_core.package_identification:_identify(parc_robot) by extension 'colcon_meta'
[1.184s] Level 1:colcon.colcon_core.package_identification:_identify(parc_robot) by extensions ['ros']
[1.184s] Level 1:colcon.colcon_core.package_identification:_identify(parc_robot) by extension 'ros'
[1.196s] DEBUG:colcon.colcon_core.package_identification:Package 'parc_robot' with type 'ros.ament_cmake' and name 'parc_robot'
[1.197s] Level 1:colcon.colcon_core.package_identification:_identify(parc_robot_bringup) by extensions ['ignore', 'ignore_ament_install']
[1.197s] Level 1:colcon.colcon_core.package_identification:_identify(parc_robot_bringup) by extension 'ignore'
[1.197s] Level 1:colcon.colcon_core.package_identification:_identify(parc_robot_bringup) by extension 'ignore_ament_install'
[1.197s] Level 1:colcon.colcon_core.package_identification:_identify(parc_robot_bringup) by extensions ['colcon_pkg']
[1.197s] Level 1:colcon.colcon_core.package_identification:_identify(parc_robot_bringup) by extension 'colcon_pkg'
[1.197s] Level 1:colcon.colcon_core.package_identification:_identify(parc_robot_bringup) by extensions ['colcon_meta']
[1.198s] Level 1:colcon.colcon_core.package_identification:_identify(parc_robot_bringup) by extension 'colcon_meta'
[1.198s] Level 1:colcon.colcon_core.package_identification:_identify(parc_robot_bringup) by extensions ['ros']
[1.198s] Level 1:colcon.colcon_core.package_identification:_identify(parc_robot_bringup) by extension 'ros'
[1.203s] DEBUG:colcon.colcon_core.package_identification:Package 'parc_robot_bringup' with type 'ros.ament_cmake' and name 'parc_robot_bringup'
[1.204s] Level 1:colcon.colcon_core.package_identification:_identify(parc_robot_description) by extensions ['ignore', 'ignore_ament_install']
[1.205s] Level 1:colcon.colcon_core.package_identification:_identify(parc_robot_description) by extension 'ignore'
[1.206s] Level 1:colcon.colcon_core.package_identification:_identify(parc_robot_description) by extension 'ignore_ament_install'
[1.207s] Level 1:colcon.colcon_core.package_identification:_identify(parc_robot_description) by extensions ['colcon_pkg']
[1.207s] Level 1:colcon.colcon_core.package_identification:_identify(parc_robot_description) by extension 'colcon_pkg'
[1.207s] Level 1:colcon.colcon_core.package_identification:_identify(parc_robot_description) by extensions ['colcon_meta']
[1.208s] Level 1:colcon.colcon_core.package_identification:_identify(parc_robot_description) by extension 'colcon_meta'
[1.208s] Level 1:colcon.colcon_core.package_identification:_identify(parc_robot_description) by extensions ['ros']
[1.208s] Level 1:colcon.colcon_core.package_identification:_identify(parc_robot_description) by extension 'ros'
[1.212s] DEBUG:colcon.colcon_core.package_identification:Package 'parc_robot_description' with type 'ros.ament_cmake' and name 'parc_robot_description'
[1.213s] Level 1:colcon.colcon_core.package_identification:_identify(resources) by extensions ['ignore', 'ignore_ament_install']
[1.214s] Level 1:colcon.colcon_core.package_identification:_identify(resources) by extension 'ignore'
[1.215s] Level 1:colcon.colcon_core.package_identification:_identify(resources) by extension 'ignore_ament_install'
[1.215s] Level 1:colcon.colcon_core.package_identification:_identify(resources) by extensions ['colcon_pkg']
[1.216s] Level 1:colcon.colcon_core.package_identification:_identify(resources) by extension 'colcon_pkg'
[1.216s] Level 1:colcon.colcon_core.package_identification:_identify(resources) by extensions ['colcon_meta']
[1.216s] Level 1:colcon.colcon_core.package_identification:_identify(resources) by extension 'colcon_meta'
[1.217s] Level 1:colcon.colcon_core.package_identification:_identify(resources) by extensions ['ros']
[1.217s] Level 1:colcon.colcon_core.package_identification:_identify(resources) by extension 'ros'
[1.217s] Level 1:colcon.colcon_core.package_identification:_identify(resources) by extensions ['cmake', 'python']
[1.217s] Level 1:colcon.colcon_core.package_identification:_identify(resources) by extension 'cmake'
[1.217s] Level 1:colcon.colcon_core.package_identification:_identify(resources) by extension 'python'
[1.218s] Level 1:colcon.colcon_core.package_identification:_identify(resources) by extensions ['python_setup_py']
[1.218s] Level 1:colcon.colcon_core.package_identification:_identify(resources) by extension 'python_setup_py'
[1.218s] Level 1:colcon.colcon_core.package_identification:_identify(test_publisher) by extensions ['ignore', 'ignore_ament_install']
[1.218s] Level 1:colcon.colcon_core.package_identification:_identify(test_publisher) by extension 'ignore'
[1.219s] Level 1:colcon.colcon_core.package_identification:_identify(test_publisher) by extension 'ignore_ament_install'
[1.220s] Level 1:colcon.colcon_core.package_identification:_identify(test_publisher) by extensions ['colcon_pkg']
[1.221s] Level 1:colcon.colcon_core.package_identification:_identify(test_publisher) by extension 'colcon_pkg'
[1.221s] Level 1:colcon.colcon_core.package_identification:_identify(test_publisher) by extensions ['colcon_meta']
[1.221s] Level 1:colcon.colcon_core.package_identification:_identify(test_publisher) by extension 'colcon_meta'
[1.221s] Level 1:colcon.colcon_core.package_identification:_identify(test_publisher) by extensions ['ros']
[1.222s] Level 1:colcon.colcon_core.package_identification:_identify(test_publisher) by extension 'ros'
[1.225s] DEBUG:colcon.colcon_core.package_identification:Package 'test_publisher' with type 'ros.ament_python' and name 'test_publisher'
[1.225s] Level 1:colcon.colcon_core.package_discovery:discover_packages(recursive) using defaults
[1.225s] Level 1:colcon.colcon_core.package_discovery:discover_packages(ignore) discover
[1.225s] Level 1:colcon.colcon_core.package_discovery:discover_packages(ignore) using defaults
[1.225s] Level 1:colcon.colcon_core.package_discovery:discover_packages(path) discover
[1.225s] Level 1:colcon.colcon_core.package_discovery:discover_packages(path) using defaults
[1.343s] INFO:colcon.colcon_core.package_selection:Skipping not selected package 'parc_robot' in 'parc_robot'
[1.343s] INFO:colcon.colcon_core.package_selection:Skipping not selected package 'parc_robot_description' in 'parc_robot_description'
[1.343s] INFO:colcon.colcon_core.package_selection:Skipping not selected package 'parc_robot_bringup' in 'parc_robot_bringup'
[1.345s] Level 1:colcon.colcon_core.package_discovery:discover_packages(prefix_path) check parameters
[1.345s] Level 1:colcon.colcon_core.package_discovery:discover_packages(prefix_path) discover
[1.354s] DEBUG:colcon.colcon_installed_package_information.package_discovery:Found 4 installed packages in /home/monja/projects/python/robotics/challengeParc/ros2_ws/install
[1.362s] DEBUG:colcon.colcon_installed_package_information.package_discovery:Found 373 installed packages in /opt/ros/jazzy
[1.374s] Level 1:colcon.colcon_core.package_discovery:discover_packages(prefix_path) using defaults
[1.599s] Level 5:colcon.colcon_core.verb:set package 'test_publisher' build argument 'cmake_args' from command line to 'None'
[1.600s] Level 5:colcon.colcon_core.verb:set package 'test_publisher' build argument 'cmake_target' from command line to 'None'
[1.601s] Level 5:colcon.colcon_core.verb:set package 'test_publisher' build argument 'cmake_target_skip_unavailable' from command line to 'False'
[1.601s] Level 5:colcon.colcon_core.verb:set package 'test_publisher' build argument 'cmake_clean_cache' from command line to 'False'
[1.601s] Level 5:colcon.colcon_core.verb:set package 'test_publisher' build argument 'cmake_clean_first' from command line to 'False'
[1.601s] Level 5:colcon.colcon_core.verb:set package 'test_publisher' build argument 'cmake_force_configure' from command line to 'False'
[1.601s] Level 5:colcon.colcon_core.verb:set package 'test_publisher' build argument 'ament_cmake_args' from command line to 'None'
[1.602s] Level 5:colcon.colcon_core.verb:set package 'test_publisher' build argument 'catkin_cmake_args' from command line to 'None'
[1.602s] Level 5:colcon.colcon_core.verb:set package 'test_publisher' build argument 'catkin_skip_building_tests' from command line to 'False'
[1.602s] DEBUG:colcon.colcon_core.verb:Building package 'test_publisher' with the following arguments: {'ament_cmake_args': None, 'build_base': '/home/monja/projects/python/robotics/challengeParc/ros2_ws/src/build/test_publisher', 'catkin_cmake_args': None, 'catkin_skip_building_tests': False, 'cmake_args': None, 'cmake_clean_cache': False, 'cmake_clean_first': False, 'cmake_force_configure': False, 'cmake_target': None, 'cmake_target_skip_unavailable': False, 'install_base': '/home/monja/projects/python/robotics/challengeParc/ros2_ws/src/install/test_publisher', 'merge_install': False, 'path': '/home/monja/projects/python/robotics/challengeParc/ros2_ws/src/test_publisher', 'symlink_install': False, 'test_result_base': None}
[1.603s] INFO:colcon.colcon_core.executor:Executing jobs using 'parallel' executor
[1.613s] DEBUG:colcon.colcon_parallel_executor.executor.parallel:run_until_complete
[1.614s] INFO:colcon.colcon_ros.task.ament_python.build:Building ROS package in '/home/monja/projects/python/robotics/challengeParc/ros2_ws/src/test_publisher' with build type 'ament_python'
[1.614s] Level 1:colcon.colcon_core.shell:create_environment_hook('test_publisher', 'ament_prefix_path')
[1.624s] INFO:colcon.colcon_core.plugin_system:Skipping extension 'colcon_core.shell.bat': Not used on non-Windows systems
[1.625s] INFO:colcon.colcon_core.shell:Creating environment hook '/home/monja/projects/python/robotics/challengeParc/ros2_ws/src/install/test_publisher/share/test_publisher/hook/ament_prefix_path.ps1'
[1.631s] INFO:colcon.colcon_core.shell:Creating environment descriptor '/home/monja/projects/python/robotics/challengeParc/ros2_ws/src/install/test_publisher/share/test_publisher/hook/ament_prefix_path.dsv'
[1.640s] INFO:colcon.colcon_core.shell:Creating environment hook '/home/monja/projects/python/robotics/challengeParc/ros2_ws/src/install/test_publisher/share/test_publisher/hook/ament_prefix_path.sh'
[1.648s] INFO:colcon.colcon_core.shell:Skip shell extension 'powershell' for command environment: Not usable outside of PowerShell
[1.648s] DEBUG:colcon.colcon_core.shell:Skip shell extension 'dsv' for command environment
[3.174s] INFO:colcon.colcon_core.task.python.build:Building Python package in '/home/monja/projects/python/robotics/challengeParc/ros2_ws/src/test_publisher'
[3.175s] INFO:colcon.colcon_core.shell:Skip shell extension 'powershell' for command environment: Not usable outside of PowerShell
[3.176s] DEBUG:colcon.colcon_core.shell:Skip shell extension 'dsv' for command environment
[7.325s] DEBUG:colcon.colcon_core.event_handler.log_command:Invoking command in '/home/monja/projects/python/robotics/challengeParc/ros2_ws/src/test_publisher': DEBUGINFOD_URLS=https://debuginfod.ubuntu.com PYTHONPATH=/home/monja/projects/python/robotics/challengeParc/ros2_ws/src/build/test_publisher/prefix_override:/usr/lib/python3/dist-packages/colcon_core/task/python/colcon_distutils_commands:/home/monja/projects/python/robotics/challengeParc/ros2_ws/src/install/test_publisher/lib/python3.12/site-packages:${PYTHONPATH} /usr/bin/python3 -W ignore:setup.py install is deprecated -W ignore:easy_install command is deprecated setup.py egg_info --egg-base ../build/test_publisher build --build-base /home/monja/projects/python/robotics/challengeParc/ros2_ws/src/build/test_publisher/build install --record /home/monja/projects/python/robotics/challengeParc/ros2_ws/src/build/test_publisher/install.log --single-version-externally-managed install_data
[11.441s] DEBUG:colcon.colcon_core.event_handler.log_command:Invoked command in '/home/monja/projects/python/robotics/challengeParc/ros2_ws/src/test_publisher' returned '0': DEBUGINFOD_URLS=https://debuginfod.ubuntu.com PYTHONPATH=/home/monja/projects/python/robotics/challengeParc/ros2_ws/src/build/test_publisher/prefix_override:/usr/lib/python3/dist-packages/colcon_core/task/python/colcon_distutils_commands:/home/monja/projects/python/robotics/challengeParc/ros2_ws/src/install/test_publisher/lib/python3.12/site-packages:${PYTHONPATH} /usr/bin/python3 -W ignore:setup.py install is deprecated -W ignore:easy_install command is deprecated setup.py egg_info --egg-base ../build/test_publisher build --build-base /home/monja/projects/python/robotics/challengeParc/ros2_ws/src/build/test_publisher/build install --record /home/monja/projects/python/robotics/challengeParc/ros2_ws/src/build/test_publisher/install.log --single-version-externally-managed install_data
[11.459s] Level 1:colcon.colcon_core.environment:checking '/home/monja/projects/python/robotics/challengeParc/ros2_ws/src/install/test_publisher' for CMake module files
[11.463s] Level 1:colcon.colcon_core.environment:checking '/home/monja/projects/python/robotics/challengeParc/ros2_ws/src/install/test_publisher' for CMake config files
[11.466s] Level 1:colcon.colcon_core.environment:checking '/home/monja/projects/python/robotics/challengeParc/ros2_ws/src/install/test_publisher/lib'
[11.469s] Level 1:colcon.colcon_core.environment:checking '/home/monja/projects/python/robotics/challengeParc/ros2_ws/src/install/test_publisher/bin'
[11.470s] Level 1:colcon.colcon_core.environment:checking '/home/monja/projects/python/robotics/challengeParc/ros2_ws/src/install/test_publisher/lib/pkgconfig/test_publisher.pc'
[11.474s] Level 1:colcon.colcon_core.environment:checking '/home/monja/projects/python/robotics/challengeParc/ros2_ws/src/install/test_publisher/lib/python3.12/site-packages'
[11.476s] Level 1:colcon.colcon_core.shell:create_environment_hook('test_publisher', 'pythonpath')
[11.476s] INFO:colcon.colcon_core.shell:Creating environment hook '/home/monja/projects/python/robotics/challengeParc/ros2_ws/src/install/test_publisher/share/test_publisher/hook/pythonpath.ps1'
[11.481s] INFO:colcon.colcon_core.shell:Creating environment descriptor '/home/monja/projects/python/robotics/challengeParc/ros2_ws/src/install/test_publisher/share/test_publisher/hook/pythonpath.dsv'
[11.485s] INFO:colcon.colcon_core.shell:Creating environment hook '/home/monja/projects/python/robotics/challengeParc/ros2_ws/src/install/test_publisher/share/test_publisher/hook/pythonpath.sh'
[11.490s] Level 1:colcon.colcon_core.environment:checking '/home/monja/projects/python/robotics/challengeParc/ros2_ws/src/install/test_publisher/bin'
[11.491s] Level 1:colcon.colcon_core.environment:create_environment_scripts_only(test_publisher)
[11.493s] INFO:colcon.colcon_core.shell:Creating package script '/home/monja/projects/python/robotics/challengeParc/ros2_ws/src/install/test_publisher/share/test_publisher/package.ps1'
[11.497s] INFO:colcon.colcon_core.shell:Creating package descriptor '/home/monja/projects/python/robotics/challengeParc/ros2_ws/src/install/test_publisher/share/test_publisher/package.dsv'
[11.503s] INFO:colcon.colcon_core.shell:Creating package script '/home/monja/projects/python/robotics/challengeParc/ros2_ws/src/install/test_publisher/share/test_publisher/package.sh'
[11.521s] INFO:colcon.colcon_core.shell:Creating package script '/home/monja/projects/python/robotics/challengeParc/ros2_ws/src/install/test_publisher/share/test_publisher/package.bash'
[11.532s] INFO:colcon.colcon_core.shell:Creating package script '/home/monja/projects/python/robotics/challengeParc/ros2_ws/src/install/test_publisher/share/test_publisher/package.zsh'
[11.538s] Level 1:colcon.colcon_core.environment:create_file_with_runtime_dependencies(/home/monja/projects/python/robotics/challengeParc/ros2_ws/src/install/test_publisher/share/colcon-core/packages/test_publisher)
[11.544s] DEBUG:colcon.colcon_parallel_executor.executor.parallel:closing loop
[11.546s] DEBUG:colcon.colcon_parallel_executor.executor.parallel:loop closed
[11.546s] DEBUG:colcon.colcon_parallel_executor.executor.parallel:run_until_complete finished with '0'
[11.546s] DEBUG:colcon.colcon_core.event_reactor:joining thread
[11.570s] INFO:colcon.colcon_core.plugin_system:Skipping extension 'colcon_notification.desktop_notification.terminal_notifier': Not used on non-Darwin systems
[11.571s] INFO:colcon.colcon_core.plugin_system:Skipping extension 'colcon_notification.desktop_notification.win32': Not used on non-Windows systems
[11.571s] INFO:colcon.colcon_notification.desktop_notification:Sending desktop notification using 'notify2'
[11.738s] DEBUG:colcon.colcon_core.event_reactor:joined thread
[11.741s] INFO:colcon.colcon_core.shell:Creating prefix script '/home/monja/projects/python/robotics/challengeParc/ros2_ws/src/install/local_setup.ps1'
[11.752s] INFO:colcon.colcon_core.shell:Creating prefix util module '/home/monja/projects/python/robotics/challengeParc/ros2_ws/src/install/_local_setup_util_ps1.py'
[11.777s] INFO:colcon.colcon_core.shell:Creating prefix chain script '/home/monja/projects/python/robotics/challengeParc/ros2_ws/src/install/setup.ps1'
[11.799s] INFO:colcon.colcon_core.shell:Creating prefix script '/home/monja/projects/python/robotics/challengeParc/ros2_ws/src/install/local_setup.sh'
[11.802s] INFO:colcon.colcon_core.shell:Creating prefix util module '/home/monja/projects/python/robotics/challengeParc/ros2_ws/src/install/_local_setup_util_sh.py'
[11.805s] INFO:colcon.colcon_core.shell:Creating prefix chain script '/home/monja/projects/python/robotics/challengeParc/ros2_ws/src/install/setup.sh'
[11.812s] INFO:colcon.colcon_core.shell:Creating prefix script '/home/monja/projects/python/robotics/challengeParc/ros2_ws/src/install/local_setup.bash'
[11.822s] INFO:colcon.colcon_core.shell:Creating prefix chain script '/home/monja/projects/python/robotics/challengeParc/ros2_ws/src/install/setup.bash'
[11.831s] INFO:colcon.colcon_core.shell:Creating prefix script '/home/monja/projects/python/robotics/challengeParc/ros2_ws/src/install/local_setup.zsh'
[11.839s] INFO:colcon.colcon_core.shell:Creating prefix chain script '/home/monja/projects/python/robotics/challengeParc/ros2_ws/src/install/setup.zsh'
