[0.966s] DEBUG:colcon:Command line arguments: ['/usr/bin/colcon', 'build', '--packages-select', 'test_publisher']
[0.968s] DEBUG:colcon:Parsed command line arguments: Namespace(log_base=None, log_level=None, verb_name='build', build_base='build', install_base='install', merge_install=False, symlink_install=False, test_result_base=None, continue_on_error=False, executor='parallel', parallel_workers=4, event_handlers=None, ignore_user_meta=False, metas=['./colcon.meta'], base_paths=['.'], packages_ignore=None, packages_ignore_regex=None, paths=None, packages_up_to=None, packages_up_to_regex=None, packages_above=None, packages_above_and_dependencies=None, packages_above_depth=None, packages_select_by_dep=None, packages_skip_by_dep=None, packages_skip_up_to=None, packages_select_build_failed=False, packages_skip_build_finished=False, packages_select_test_failures=False, packages_skip_test_passed=False, packages_select=['test_publisher'], packages_skip=None, packages_select_regex=None, packages_skip_regex=None, packages_start=None, packages_end=None, allow_overriding=[], cmake_args=None, cmake_target=None, cmake_target_skip_unavailable=False, cmake_clean_cache=False, cmake_clean_first=False, cmake_force_configure=False, ament_cmake_args=None, catkin_cmake_args=None, catkin_skip_building_tests=False, mixin_files=None, mixin=None, verb_parser=<colcon_mixin.mixin.mixin_argument.MixinArgumentDecorator object at 0x7d18f5c554f0>, verb_extension=<colcon_core.verb.build.BuildVerb object at 0x7d18f5dd18e0>, main=<bound method BuildVerb.main of <colcon_core.verb.build.BuildVerb object at 0x7d18f5dd18e0>>, mixin_verb=('build',))
[1.241s] Level 1:colcon.colcon_core.package_discovery:discover_packages(colcon_meta) check parameters
[1.242s] Level 1:colcon.colcon_core.package_discovery:discover_packages(recursive) check parameters
[1.242s] Level 1:colcon.colcon_core.package_discovery:discover_packages(ignore) check parameters
[1.242s] Level 1:colcon.colcon_core.package_discovery:discover_packages(path) check parameters
[1.242s] Level 1:colcon.colcon_core.package_discovery:discover_packages(colcon_meta) discover
[1.242s] Level 1:colcon.colcon_core.package_discovery:discover_packages(recursive) discover
[1.242s] INFO:colcon.colcon_core.package_discovery:Crawling recursively for packages in '/home/monja/projects/python/robotics/challengeParc/ros2_ws/src'
[1.244s] Level 1:colcon.colcon_core.package_identification:_identify(.) by extensions ['ignore', 'ignore_ament_install']
[1.244s] Level 1:colcon.colcon_core.package_identification:_identify(.) by extension 'ignore'
[1.245s] Level 1:colcon.colcon_core.package_identification:_identify(.) by extension 'ignore_ament_install'
[1.245s] Level 1:colcon.colcon_core.package_identification:_identify(.) by extensions ['colcon_pkg']
[1.245s] Level 1:colcon.colcon_core.package_identification:_identify(.) by extension 'colcon_pkg'
[1.245s] Level 1:colcon.colcon_core.package_identification:_identify(.) by extensions ['colcon_meta']
[1.245s] Level 1:colcon.colcon_core.package_identification:_identify(.) by extension 'colcon_meta'
[1.245s] Level 1:colcon.colcon_core.package_identification:_identify(.) by extensions ['ros']
[1.245s] Level 1:colcon.colcon_core.package_identification:_identify(.) by extension 'ros'
[1.712s] Level 1:colcon.colcon_core.package_identification:_identify(.) by extensions ['cmake', 'python']
[1.716s] Level 1:colcon.colcon_core.package_identification:_identify(.) by extension 'cmake'
[1.721s] Level 1:colcon.colcon_core.package_identification:_identify(.) by extension 'python'
[1.721s] Level 1:colcon.colcon_core.package_identification:_identify(.) by extensions ['python_setup_py']
[1.721s] Level 1:colcon.colcon_core.package_identification:_identify(.) by extension 'python_setup_py'
[1.749s] Level 1:colcon.colcon_core.package_identification:_identify(build) by extensions ['ignore', 'ignore_ament_install']
[1.753s] Level 1:colcon.colcon_core.package_identification:_identify(build) by extension 'ignore'
[1.754s] Level 1:colcon.colcon_core.package_identification:_identify(build) ignored
[1.795s] Level 1:colcon.colcon_core.package_identification:_identify(docs) by extensions ['ignore', 'ignore_ament_install']
[1.796s] Level 1:colcon.colcon_core.package_identification:_identify(docs) by extension 'ignore'
[1.796s] Level 1:colcon.colcon_core.package_identification:_identify(docs) by extension 'ignore_ament_install'
[1.797s] Level 1:colcon.colcon_core.package_identification:_identify(docs) by extensions ['colcon_pkg']
[1.797s] Level 1:colcon.colcon_core.package_identification:_identify(docs) by extension 'colcon_pkg'
[1.797s] Level 1:colcon.colcon_core.package_identification:_identify(docs) by extensions ['colcon_meta']
[1.797s] Level 1:colcon.colcon_core.package_identification:_identify(docs) by extension 'colcon_meta'
[1.797s] Level 1:colcon.colcon_core.package_identification:_identify(docs) by extensions ['ros']
[1.810s] Level 1:colcon.colcon_core.package_identification:_identify(docs) by extension 'ros'
[1.811s] Level 1:colcon.colcon_core.package_identification:_identify(docs) by extensions ['cmake', 'python']
[1.819s] Level 1:colcon.colcon_core.package_identification:_identify(docs) by extension 'cmake'
[1.819s] Level 1:colcon.colcon_core.package_identification:_identify(docs) by extension 'python'
[1.819s] Level 1:colcon.colcon_core.package_identification:_identify(docs) by extensions ['python_setup_py']
[1.819s] Level 1:colcon.colcon_core.package_identification:_identify(docs) by extension 'python_setup_py'
[1.828s] Level 1:colcon.colcon_core.package_identification:_identify(docs/images) by extensions ['ignore', 'ignore_ament_install']
[1.828s] Level 1:colcon.colcon_core.package_identification:_identify(docs/images) by extension 'ignore'
[1.829s] Level 1:colcon.colcon_core.package_identification:_identify(docs/images) by extension 'ignore_ament_install'
[1.829s] Level 1:colcon.colcon_core.package_identification:_identify(docs/images) by extensions ['colcon_pkg']
[1.829s] Level 1:colcon.colcon_core.package_identification:_identify(docs/images) by extension 'colcon_pkg'
[1.829s] Level 1:colcon.colcon_core.package_identification:_identify(docs/images) by extensions ['colcon_meta']
[1.829s] Level 1:colcon.colcon_core.package_identification:_identify(docs/images) by extension 'colcon_meta'
[1.829s] Level 1:colcon.colcon_core.package_identification:_identify(docs/images) by extensions ['ros']
[1.829s] Level 1:colcon.colcon_core.package_identification:_identify(docs/images) by extension 'ros'
[1.829s] Level 1:colcon.colcon_core.package_identification:_identify(docs/images) by extensions ['cmake', 'python']
[1.829s] Level 1:colcon.colcon_core.package_identification:_identify(docs/images) by extension 'cmake'
[1.830s] Level 1:colcon.colcon_core.package_identification:_identify(docs/images) by extension 'python'
[1.830s] Level 1:colcon.colcon_core.package_identification:_identify(docs/images) by extensions ['python_setup_py']
[1.830s] Level 1:colcon.colcon_core.package_identification:_identify(docs/images) by extension 'python_setup_py'
[1.840s] Level 1:colcon.colcon_core.package_identification:_identify(install) by extensions ['ignore', 'ignore_ament_install']
[1.840s] Level 1:colcon.colcon_core.package_identification:_identify(install) by extension 'ignore'
[1.840s] Level 1:colcon.colcon_core.package_identification:_identify(install) ignored
[1.841s] Level 1:colcon.colcon_core.package_identification:_identify(log) by extensions ['ignore', 'ignore_ament_install']
[1.842s] Level 1:colcon.colcon_core.package_identification:_identify(log) by extension 'ignore'
[1.843s] Level 1:colcon.colcon_core.package_identification:_identify(log) ignored
[1.850s] Level 1:colcon.colcon_core.package_identification:_identify(parc_robot) by extensions ['ignore', 'ignore_ament_install']
[1.850s] Level 1:colcon.colcon_core.package_identification:_identify(parc_robot) by extension 'ignore'
[1.850s] Level 1:colcon.colcon_core.package_identification:_identify(parc_robot) by extension 'ignore_ament_install'
[1.851s] Level 1:colcon.colcon_core.package_identification:_identify(parc_robot) by extensions ['colcon_pkg']
[1.851s] Level 1:colcon.colcon_core.package_identification:_identify(parc_robot) by extension 'colcon_pkg'
[1.852s] Level 1:colcon.colcon_core.package_identification:_identify(parc_robot) by extensions ['colcon_meta']
[1.852s] Level 1:colcon.colcon_core.package_identification:_identify(parc_robot) by extension 'colcon_meta'
[1.858s] Level 1:colcon.colcon_core.package_identification:_identify(parc_robot) by extensions ['ros']
[1.858s] Level 1:colcon.colcon_core.package_identification:_identify(parc_robot) by extension 'ros'
[1.909s] DEBUG:colcon.colcon_core.package_identification:Package 'parc_robot' with type 'ros.ament_cmake' and name 'parc_robot'
[1.909s] Level 1:colcon.colcon_core.package_identification:_identify(parc_robot_bringup) by extensions ['ignore', 'ignore_ament_install']
[1.910s] Level 1:colcon.colcon_core.package_identification:_identify(parc_robot_bringup) by extension 'ignore'
[1.910s] Level 1:colcon.colcon_core.package_identification:_identify(parc_robot_bringup) by extension 'ignore_ament_install'
[1.910s] Level 1:colcon.colcon_core.package_identification:_identify(parc_robot_bringup) by extensions ['colcon_pkg']
[1.910s] Level 1:colcon.colcon_core.package_identification:_identify(parc_robot_bringup) by extension 'colcon_pkg'
[1.910s] Level 1:colcon.colcon_core.package_identification:_identify(parc_robot_bringup) by extensions ['colcon_meta']
[1.910s] Level 1:colcon.colcon_core.package_identification:_identify(parc_robot_bringup) by extension 'colcon_meta'
[1.910s] Level 1:colcon.colcon_core.package_identification:_identify(parc_robot_bringup) by extensions ['ros']
[1.911s] Level 1:colcon.colcon_core.package_identification:_identify(parc_robot_bringup) by extension 'ros'
[1.926s] DEBUG:colcon.colcon_core.package_identification:Package 'parc_robot_bringup' with type 'ros.ament_cmake' and name 'parc_robot_bringup'
[1.926s] Level 1:colcon.colcon_core.package_identification:_identify(parc_robot_description) by extensions ['ignore', 'ignore_ament_install']
[1.927s] Level 1:colcon.colcon_core.package_identification:_identify(parc_robot_description) by extension 'ignore'
[1.927s] Level 1:colcon.colcon_core.package_identification:_identify(parc_robot_description) by extension 'ignore_ament_install'
[1.927s] Level 1:colcon.colcon_core.package_identification:_identify(parc_robot_description) by extensions ['colcon_pkg']
[1.927s] Level 1:colcon.colcon_core.package_identification:_identify(parc_robot_description) by extension 'colcon_pkg'
[1.927s] Level 1:colcon.colcon_core.package_identification:_identify(parc_robot_description) by extensions ['colcon_meta']
[1.927s] Level 1:colcon.colcon_core.package_identification:_identify(parc_robot_description) by extension 'colcon_meta'
[1.927s] Level 1:colcon.colcon_core.package_identification:_identify(parc_robot_description) by extensions ['ros']
[1.932s] Level 1:colcon.colcon_core.package_identification:_identify(parc_robot_description) by extension 'ros'
[1.934s] DEBUG:colcon.colcon_core.package_identification:Package 'parc_robot_description' with type 'ros.ament_cmake' and name 'parc_robot_description'
[1.940s] Level 1:colcon.colcon_core.package_identification:_identify(resources) by extensions ['ignore', 'ignore_ament_install']
[1.942s] Level 1:colcon.colcon_core.package_identification:_identify(resources) by extension 'ignore'
[1.945s] Level 1:colcon.colcon_core.package_identification:_identify(resources) by extension 'ignore_ament_install'
[1.952s] Level 1:colcon.colcon_core.package_identification:_identify(resources) by extensions ['colcon_pkg']
[1.953s] Level 1:colcon.colcon_core.package_identification:_identify(resources) by extension 'colcon_pkg'
[1.954s] Level 1:colcon.colcon_core.package_identification:_identify(resources) by extensions ['colcon_meta']
[1.954s] Level 1:colcon.colcon_core.package_identification:_identify(resources) by extension 'colcon_meta'
[1.963s] Level 1:colcon.colcon_core.package_identification:_identify(resources) by extensions ['ros']
[1.969s] Level 1:colcon.colcon_core.package_identification:_identify(resources) by extension 'ros'
[1.975s] Level 1:colcon.colcon_core.package_identification:_identify(resources) by extensions ['cmake', 'python']
[1.975s] Level 1:colcon.colcon_core.package_identification:_identify(resources) by extension 'cmake'
[1.975s] Level 1:colcon.colcon_core.package_identification:_identify(resources) by extension 'python'
[1.975s] Level 1:colcon.colcon_core.package_identification:_identify(resources) by extensions ['python_setup_py']
[1.976s] Level 1:colcon.colcon_core.package_identification:_identify(resources) by extension 'python_setup_py'
[1.976s] Level 1:colcon.colcon_core.package_identification:_identify(test_publisher) by extensions ['ignore', 'ignore_ament_install']
[1.976s] Level 1:colcon.colcon_core.package_identification:_identify(test_publisher) by extension 'ignore'
[1.976s] Level 1:colcon.colcon_core.package_identification:_identify(test_publisher) by extension 'ignore_ament_install'
[1.976s] Level 1:colcon.colcon_core.package_identification:_identify(test_publisher) by extensions ['colcon_pkg']
[1.976s] Level 1:colcon.colcon_core.package_identification:_identify(test_publisher) by extension 'colcon_pkg'
[1.977s] Level 1:colcon.colcon_core.package_identification:_identify(test_publisher) by extensions ['colcon_meta']
[1.977s] Level 1:colcon.colcon_core.package_identification:_identify(test_publisher) by extension 'colcon_meta'
[1.977s] Level 1:colcon.colcon_core.package_identification:_identify(test_publisher) by extensions ['ros']
[1.977s] Level 1:colcon.colcon_core.package_identification:_identify(test_publisher) by extension 'ros'
[2.002s] DEBUG:colcon.colcon_core.package_identification:Package 'test_publisher' with type 'ros.ament_python' and name 'test_publisher'
[2.003s] Level 1:colcon.colcon_core.package_discovery:discover_packages(recursive) using defaults
[2.003s] Level 1:colcon.colcon_core.package_discovery:discover_packages(ignore) discover
[2.005s] Level 1:colcon.colcon_core.package_discovery:discover_packages(ignore) using defaults
[2.005s] Level 1:colcon.colcon_core.package_discovery:discover_packages(path) discover
[2.006s] Level 1:colcon.colcon_core.package_discovery:discover_packages(path) using defaults
[2.318s] INFO:colcon.colcon_core.package_selection:Skipping not selected package 'parc_robot' in 'parc_robot'
[2.318s] INFO:colcon.colcon_core.package_selection:Skipping not selected package 'parc_robot_description' in 'parc_robot_description'
[2.318s] INFO:colcon.colcon_core.package_selection:Skipping not selected package 'parc_robot_bringup' in 'parc_robot_bringup'
[2.320s] Level 1:colcon.colcon_core.package_discovery:discover_packages(prefix_path) check parameters
[2.320s] Level 1:colcon.colcon_core.package_discovery:discover_packages(prefix_path) discover
[2.374s] DEBUG:colcon.colcon_installed_package_information.package_discovery:Found 4 installed packages in /home/monja/projects/python/robotics/challengeParc/ros2_ws/install
[2.382s] DEBUG:colcon.colcon_installed_package_information.package_discovery:Found 373 installed packages in /opt/ros/jazzy
[2.393s] Level 1:colcon.colcon_core.package_discovery:discover_packages(prefix_path) using defaults
[3.218s] Level 5:colcon.colcon_core.verb:set package 'test_publisher' build argument 'cmake_args' from command line to 'None'
[3.219s] Level 5:colcon.colcon_core.verb:set package 'test_publisher' build argument 'cmake_target' from command line to 'None'
[3.219s] Level 5:colcon.colcon_core.verb:set package 'test_publisher' build argument 'cmake_target_skip_unavailable' from command line to 'False'
[3.219s] Level 5:colcon.colcon_core.verb:set package 'test_publisher' build argument 'cmake_clean_cache' from command line to 'False'
[3.219s] Level 5:colcon.colcon_core.verb:set package 'test_publisher' build argument 'cmake_clean_first' from command line to 'False'
[3.219s] Level 5:colcon.colcon_core.verb:set package 'test_publisher' build argument 'cmake_force_configure' from command line to 'False'
[3.219s] Level 5:colcon.colcon_core.verb:set package 'test_publisher' build argument 'ament_cmake_args' from command line to 'None'
[3.219s] Level 5:colcon.colcon_core.verb:set package 'test_publisher' build argument 'catkin_cmake_args' from command line to 'None'
[3.220s] Level 5:colcon.colcon_core.verb:set package 'test_publisher' build argument 'catkin_skip_building_tests' from command line to 'False'
[3.220s] DEBUG:colcon.colcon_core.verb:Building package 'test_publisher' with the following arguments: {'ament_cmake_args': None, 'build_base': '/home/monja/projects/python/robotics/challengeParc/ros2_ws/src/build/test_publisher', 'catkin_cmake_args': None, 'catkin_skip_building_tests': False, 'cmake_args': None, 'cmake_clean_cache': False, 'cmake_clean_first': False, 'cmake_force_configure': False, 'cmake_target': None, 'cmake_target_skip_unavailable': False, 'install_base': '/home/monja/projects/python/robotics/challengeParc/ros2_ws/src/install/test_publisher', 'merge_install': False, 'path': '/home/monja/projects/python/robotics/challengeParc/ros2_ws/src/test_publisher', 'symlink_install': False, 'test_result_base': None}
[3.221s] INFO:colcon.colcon_core.executor:Executing jobs using 'parallel' executor
[3.233s] DEBUG:colcon.colcon_parallel_executor.executor.parallel:run_until_complete
[3.234s] INFO:colcon.colcon_ros.task.ament_python.build:Building ROS package in '/home/monja/projects/python/robotics/challengeParc/ros2_ws/src/test_publisher' with build type 'ament_python'
[3.234s] Level 1:colcon.colcon_core.shell:create_environment_hook('test_publisher', 'ament_prefix_path')
[3.267s] INFO:colcon.colcon_core.plugin_system:Skipping extension 'colcon_core.shell.bat': Not used on non-Windows systems
[3.286s] INFO:colcon.colcon_core.shell:Creating environment hook '/home/monja/projects/python/robotics/challengeParc/ros2_ws/src/install/test_publisher/share/test_publisher/hook/ament_prefix_path.ps1'
[3.348s] INFO:colcon.colcon_core.shell:Creating environment descriptor '/home/monja/projects/python/robotics/challengeParc/ros2_ws/src/install/test_publisher/share/test_publisher/hook/ament_prefix_path.dsv'
[3.365s] INFO:colcon.colcon_core.shell:Creating environment hook '/home/monja/projects/python/robotics/challengeParc/ros2_ws/src/install/test_publisher/share/test_publisher/hook/ament_prefix_path.sh'
[3.373s] INFO:colcon.colcon_core.shell:Skip shell extension 'powershell' for command environment: Not usable outside of PowerShell
[3.373s] DEBUG:colcon.colcon_core.shell:Skip shell extension 'dsv' for command environment
[5.001s] INFO:colcon.colcon_core.task.python.build:Building Python package in '/home/monja/projects/python/robotics/challengeParc/ros2_ws/src/test_publisher'
[5.002s] INFO:colcon.colcon_core.shell:Skip shell extension 'powershell' for command environment: Not usable outside of PowerShell
[5.003s] DEBUG:colcon.colcon_core.shell:Skip shell extension 'dsv' for command environment
[10.412s] DEBUG:colcon.colcon_core.event_handler.log_command:Invoking command in '/home/monja/projects/python/robotics/challengeParc/ros2_ws/src/test_publisher': DEBUGINFOD_URLS=https://debuginfod.ubuntu.com PYTHONPATH=/home/monja/projects/python/robotics/challengeParc/ros2_ws/src/build/test_publisher/prefix_override:/usr/lib/python3/dist-packages/colcon_core/task/python/colcon_distutils_commands:/home/monja/projects/python/robotics/challengeParc/ros2_ws/src/install/test_publisher/lib/python3.12/site-packages:${PYTHONPATH} /usr/bin/python3 -W ignore:setup.py install is deprecated -W ignore:easy_install command is deprecated setup.py egg_info --egg-base ../build/test_publisher build --build-base /home/monja/projects/python/robotics/challengeParc/ros2_ws/src/build/test_publisher/build install --record /home/monja/projects/python/robotics/challengeParc/ros2_ws/src/build/test_publisher/install.log --single-version-externally-managed install_data
[210.023s] DEBUG:colcon.colcon_core.event_handler.log_command:Invoked command in '/home/monja/projects/python/robotics/challengeParc/ros2_ws/src/test_publisher' returned '0': DEBUGINFOD_URLS=https://debuginfod.ubuntu.com PYTHONPATH=/home/monja/projects/python/robotics/challengeParc/ros2_ws/src/build/test_publisher/prefix_override:/usr/lib/python3/dist-packages/colcon_core/task/python/colcon_distutils_commands:/home/monja/projects/python/robotics/challengeParc/ros2_ws/src/install/test_publisher/lib/python3.12/site-packages:${PYTHONPATH} /usr/bin/python3 -W ignore:setup.py install is deprecated -W ignore:easy_install command is deprecated setup.py egg_info --egg-base ../build/test_publisher build --build-base /home/monja/projects/python/robotics/challengeParc/ros2_ws/src/build/test_publisher/build install --record /home/monja/projects/python/robotics/challengeParc/ros2_ws/src/build/test_publisher/install.log --single-version-externally-managed install_data
[224.368s] Level 1:colcon.colcon_core.environment:checking '/home/monja/projects/python/robotics/challengeParc/ros2_ws/src/install/test_publisher' for CMake module files
[224.684s] Level 1:colcon.colcon_core.environment:checking '/home/monja/projects/python/robotics/challengeParc/ros2_ws/src/install/test_publisher' for CMake config files
[226.984s] Level 1:colcon.colcon_core.environment:checking '/home/monja/projects/python/robotics/challengeParc/ros2_ws/src/install/test_publisher/lib'
[226.995s] Level 1:colcon.colcon_core.environment:checking '/home/monja/projects/python/robotics/challengeParc/ros2_ws/src/install/test_publisher/bin'
[226.997s] Level 1:colcon.colcon_core.environment:checking '/home/monja/projects/python/robotics/challengeParc/ros2_ws/src/install/test_publisher/lib/pkgconfig/test_publisher.pc'
[227.684s] Level 1:colcon.colcon_core.environment:checking '/home/monja/projects/python/robotics/challengeParc/ros2_ws/src/install/test_publisher/lib/python3.12/site-packages'
[228.630s] Level 1:colcon.colcon_core.shell:create_environment_hook('test_publisher', 'pythonpath')
[229.283s] INFO:colcon.colcon_core.shell:Creating environment hook '/home/monja/projects/python/robotics/challengeParc/ros2_ws/src/install/test_publisher/share/test_publisher/hook/pythonpath.ps1'
[231.230s] INFO:colcon.colcon_core.shell:Creating environment descriptor '/home/monja/projects/python/robotics/challengeParc/ros2_ws/src/install/test_publisher/share/test_publisher/hook/pythonpath.dsv'
[231.323s] INFO:colcon.colcon_core.shell:Creating environment hook '/home/monja/projects/python/robotics/challengeParc/ros2_ws/src/install/test_publisher/share/test_publisher/hook/pythonpath.sh'
[231.609s] Level 1:colcon.colcon_core.environment:checking '/home/monja/projects/python/robotics/challengeParc/ros2_ws/src/install/test_publisher/bin'
[231.831s] Level 1:colcon.colcon_core.environment:create_environment_scripts_only(test_publisher)
[232.035s] INFO:colcon.colcon_core.shell:Creating package script '/home/monja/projects/python/robotics/challengeParc/ros2_ws/src/install/test_publisher/share/test_publisher/package.ps1'
[233.004s] INFO:colcon.colcon_core.shell:Creating package descriptor '/home/monja/projects/python/robotics/challengeParc/ros2_ws/src/install/test_publisher/share/test_publisher/package.dsv'
[233.496s] INFO:colcon.colcon_core.shell:Creating package script '/home/monja/projects/python/robotics/challengeParc/ros2_ws/src/install/test_publisher/share/test_publisher/package.sh'
[233.666s] INFO:colcon.colcon_core.shell:Creating package script '/home/monja/projects/python/robotics/challengeParc/ros2_ws/src/install/test_publisher/share/test_publisher/package.bash'
[235.375s] INFO:colcon.colcon_core.shell:Creating package script '/home/monja/projects/python/robotics/challengeParc/ros2_ws/src/install/test_publisher/share/test_publisher/package.zsh'
[235.805s] Level 1:colcon.colcon_core.environment:create_file_with_runtime_dependencies(/home/monja/projects/python/robotics/challengeParc/ros2_ws/src/install/test_publisher/share/colcon-core/packages/test_publisher)
[237.707s] DEBUG:colcon.colcon_parallel_executor.executor.parallel:closing loop
[238.916s] DEBUG:colcon.colcon_parallel_executor.executor.parallel:loop closed
[238.953s] DEBUG:colcon.colcon_parallel_executor.executor.parallel:run_until_complete finished with '0'
[238.981s] DEBUG:colcon.colcon_core.event_reactor:joining thread
[260.660s] INFO:colcon.colcon_core.plugin_system:Skipping extension 'colcon_notification.desktop_notification.terminal_notifier': Not used on non-Darwin systems
[260.661s] INFO:colcon.colcon_core.plugin_system:Skipping extension 'colcon_notification.desktop_notification.win32': Not used on non-Windows systems
[260.688s] INFO:colcon.colcon_notification.desktop_notification:Sending desktop notification using 'notify2'
[282.495s] DEBUG:colcon.colcon_core.event_reactor:joined thread
[282.831s] INFO:colcon.colcon_core.shell:Creating prefix script '/home/monja/projects/python/robotics/challengeParc/ros2_ws/src/install/local_setup.ps1'
[283.363s] INFO:colcon.colcon_core.shell:Creating prefix util module '/home/monja/projects/python/robotics/challengeParc/ros2_ws/src/install/_local_setup_util_ps1.py'
[283.747s] INFO:colcon.colcon_core.shell:Creating prefix chain script '/home/monja/projects/python/robotics/challengeParc/ros2_ws/src/install/setup.ps1'
[287.624s] INFO:colcon.colcon_core.shell:Creating prefix script '/home/monja/projects/python/robotics/challengeParc/ros2_ws/src/install/local_setup.sh'
[289.177s] INFO:colcon.colcon_core.shell:Creating prefix util module '/home/monja/projects/python/robotics/challengeParc/ros2_ws/src/install/_local_setup_util_sh.py'
[289.179s] INFO:colcon.colcon_core.shell:Creating prefix chain script '/home/monja/projects/python/robotics/challengeParc/ros2_ws/src/install/setup.sh'
[289.263s] INFO:colcon.colcon_core.shell:Creating prefix script '/home/monja/projects/python/robotics/challengeParc/ros2_ws/src/install/local_setup.bash'
[290.918s] INFO:colcon.colcon_core.shell:Creating prefix chain script '/home/monja/projects/python/robotics/challengeParc/ros2_ws/src/install/setup.bash'
[290.939s] INFO:colcon.colcon_core.shell:Creating prefix script '/home/monja/projects/python/robotics/challengeParc/ros2_ws/src/install/local_setup.zsh'
[291.013s] INFO:colcon.colcon_core.shell:Creating prefix chain script '/home/monja/projects/python/robotics/challengeParc/ros2_ws/src/install/setup.zsh'
